  glad.c
  main.cpp
glfw3.lib(win32_monitor.obj) : error LNK2001: nierozpoznany symbol zewnętrzny __security_check_cookie
glfw3.lib(wgl_context.obj) : error LNK2001: nierozpoznany symbol zewnętrzny __security_check_cookie
glfw3.lib(egl_context.obj) : error LNK2001: nierozpoznany symbol zewnętrzny __security_check_cookie
glfw3.lib(osmesa_context.obj) : error LNK2001: nierozpoznany symbol zewnętrzny __security_check_cookie
glfw3.lib(init.obj) : error LNK2001: nierozpoznany symbol zewnętrzny __security_check_cookie
glfw3.lib(win32_window.obj) : error LNK2001: nierozpoznany symbol zewnętrzny __security_check_cookie
glfw3.lib(win32_joystick.obj) : error LNK2001: nierozpoznany symbol zewnętrzny __security_check_cookie
glfw3.lib(win32_init.obj) : error LNK2001: nierozpoznany symbol zewnętrzny __security_check_cookie
glad.obj : error LNK2001: nierozpoznany symbol zewnętrzny __security_check_cookie
glfw3.lib(context.obj) : error LNK2001: nierozpoznany symbol zewnętrzny __security_check_cookie
glfw3.lib(window.obj) : error LNK2001: nierozpoznany symbol zewnętrzny __security_check_cookie
glfw3.lib(input.obj) : error LNK2001: nierozpoznany symbol zewnętrzny __security_check_cookie
glfw3.lib(egl_context.obj) : error LNK2001: nierozpoznany symbol zewnętrzny __imp_strncmp
glad.obj : error LNK2001: nierozpoznany symbol zewnętrzny __imp_strncmp
glfw3.lib(context.obj) : error LNK2001: nierozpoznany symbol zewnętrzny __imp_strncmp
glfw3.lib(input.obj) : error LNK2001: nierozpoznany symbol zewnętrzny __imp_strncmp
glfw3.lib(init.obj) : error LNK2001: nierozpoznany symbol zewnętrzny __imp_strncmp
glfw3.lib(osmesa_context.obj) : error LNK2001: nierozpoznany symbol zewnętrzny __imp_free
glfw3.lib(monitor.obj) : error LNK2001: nierozpoznany symbol zewnętrzny __imp_free
glfw3.lib(vulkan.obj) : error LNK2001: nierozpoznany symbol zewnętrzny __imp_free
glfw3.lib(wgl_context.obj) : error LNK2001: nierozpoznany symbol zewnętrzny __imp_free
glfw3.lib(egl_context.obj) : error LNK2001: nierozpoznany symbol zewnętrzny __imp_free
glfw3.lib(win32_window.obj) : error LNK2001: nierozpoznany symbol zewnętrzny __imp_free
glfw3.lib(win32_joystick.obj) : error LNK2001: nierozpoznany symbol zewnętrzny __imp_free
glfw3.lib(win32_init.obj) : error LNK2001: nierozpoznany symbol zewnętrzny __imp_free
glfw3.lib(win32_monitor.obj) : error LNK2001: nierozpoznany symbol zewnętrzny __imp_free
glad.obj : error LNK2001: nierozpoznany symbol zewnętrzny __imp_free
glfw3.lib(window.obj) : error LNK2001: nierozpoznany symbol zewnętrzny __imp_free
glfw3.lib(input.obj) : error LNK2001: nierozpoznany symbol zewnętrzny __imp_free
glfw3.lib(init.obj) : error LNK2001: nierozpoznany symbol zewnętrzny __imp_free
glad.obj : error LNK2001: nierozpoznany symbol zewnętrzny strstr
glfw3.lib(context.obj) : error LNK2001: nierozpoznany symbol zewnętrzny strstr
glfw3.lib(win32_joystick.obj) : error LNK2001: nierozpoznany symbol zewnętrzny strstr
glad.obj : error LNK2001: nierozpoznany symbol zewnętrzny __imp___stdio_common_vsscanf
glfw3.lib(context.obj) : error LNK2001: nierozpoznany symbol zewnętrzny __imp___stdio_common_vsscanf
glad.obj : error LNK2001: nierozpoznany symbol zewnętrzny __imp_malloc
main.obj : error LNK2001: nierozpoznany symbol zewnętrzny __CxxFrameHandler3
main.obj : error LNK2001: nierozpoznany symbol zewnętrzny __std_terminate
LINK : error LNK2001: nierozpoznany symbol zewnętrzny mainCRTStartup
glfw3.lib(wgl_context.obj) : error LNK2001: nierozpoznany symbol zewnętrzny __GSHandlerCheck
glfw3.lib(egl_context.obj) : error LNK2001: nierozpoznany symbol zewnętrzny __GSHandlerCheck
glfw3.lib(osmesa_context.obj) : error LNK2001: nierozpoznany symbol zewnętrzny __GSHandlerCheck
glfw3.lib(win32_window.obj) : error LNK2001: nierozpoznany symbol zewnętrzny __GSHandlerCheck
glfw3.lib(win32_joystick.obj) : error LNK2001: nierozpoznany symbol zewnętrzny __GSHandlerCheck
glfw3.lib(win32_init.obj) : error LNK2001: nierozpoznany symbol zewnętrzny __GSHandlerCheck
glfw3.lib(win32_monitor.obj) : error LNK2001: nierozpoznany symbol zewnętrzny __GSHandlerCheck
glfw3.lib(context.obj) : error LNK2001: nierozpoznany symbol zewnętrzny __GSHandlerCheck
glfw3.lib(window.obj) : error LNK2001: nierozpoznany symbol zewnętrzny __GSHandlerCheck
glfw3.lib(input.obj) : error LNK2001: nierozpoznany symbol zewnętrzny __GSHandlerCheck
glfw3.lib(init.obj) : error LNK2001: nierozpoznany symbol zewnętrzny __GSHandlerCheck
glfw3.lib(wgl_context.obj) : error LNK2001: nierozpoznany symbol zewnętrzny __security_cookie
glfw3.lib(egl_context.obj) : error LNK2001: nierozpoznany symbol zewnętrzny __security_cookie
glfw3.lib(osmesa_context.obj) : error LNK2001: nierozpoznany symbol zewnętrzny __security_cookie
glfw3.lib(win32_window.obj) : error LNK2001: nierozpoznany symbol zewnętrzny __security_cookie
glfw3.lib(win32_joystick.obj) : error LNK2001: nierozpoznany symbol zewnętrzny __security_cookie
glfw3.lib(win32_init.obj) : error LNK2001: nierozpoznany symbol zewnętrzny __security_cookie
glfw3.lib(win32_monitor.obj) : error LNK2001: nierozpoznany symbol zewnętrzny __security_cookie
glfw3.lib(context.obj) : error LNK2001: nierozpoznany symbol zewnętrzny __security_cookie
glfw3.lib(window.obj) : error LNK2001: nierozpoznany symbol zewnętrzny __security_cookie
glfw3.lib(input.obj) : error LNK2001: nierozpoznany symbol zewnętrzny __security_cookie
glfw3.lib(init.obj) : error LNK2001: nierozpoznany symbol zewnętrzny __security_cookie
glfw3.lib(window.obj) : error LNK2001: nierozpoznany symbol zewnętrzny __imp_strncpy
glfw3.lib(input.obj) : error LNK2001: nierozpoznany symbol zewnętrzny __imp_strncpy
glfw3.lib(win32_joystick.obj) : error LNK2001: nierozpoznany symbol zewnętrzny __imp_strncpy
glfw3.lib(monitor.obj) : error LNK2001: nierozpoznany symbol zewnętrzny __imp_strncpy
glfw3.lib(vulkan.obj) : error LNK2001: nierozpoznany symbol zewnętrzny __imp_calloc
glfw3.lib(wgl_context.obj) : error LNK2001: nierozpoznany symbol zewnętrzny __imp_calloc
glfw3.lib(egl_context.obj) : error LNK2001: nierozpoznany symbol zewnętrzny __imp_calloc
glfw3.lib(osmesa_context.obj) : error LNK2001: nierozpoznany symbol zewnętrzny __imp_calloc
glfw3.lib(win32_joystick.obj) : error LNK2001: nierozpoznany symbol zewnętrzny __imp_calloc
glfw3.lib(win32_init.obj) : error LNK2001: nierozpoznany symbol zewnętrzny __imp_calloc
glfw3.lib(win32_monitor.obj) : error LNK2001: nierozpoznany symbol zewnętrzny __imp_calloc
glfw3.lib(monitor.obj) : error LNK2001: nierozpoznany symbol zewnętrzny __imp_calloc
glfw3.lib(window.obj) : error LNK2001: nierozpoznany symbol zewnętrzny __imp_calloc
glfw3.lib(input.obj) : error LNK2001: nierozpoznany symbol zewnętrzny __imp_calloc
glfw3.lib(init.obj) : error LNK2001: nierozpoznany symbol zewnętrzny __imp_calloc
glfw3.lib(win32_window.obj) : error LNK2001: nierozpoznany symbol zewnętrzny __imp_calloc
glfw3.lib(win32_init.obj) : error LNK2001: nierozpoznany symbol zewnętrzny memset
glfw3.lib(win32_monitor.obj) : error LNK2001: nierozpoznany symbol zewnętrzny memset
glfw3.lib(window.obj) : error LNK2001: nierozpoznany symbol zewnętrzny memset
glfw3.lib(input.obj) : error LNK2001: nierozpoznany symbol zewnętrzny memset
glfw3.lib(init.obj) : error LNK2001: nierozpoznany symbol zewnętrzny memset
glfw3.lib(win32_joystick.obj) : error LNK2001: nierozpoznany symbol zewnętrzny memset
glfw3.lib(win32_joystick.obj) : error LNK2001: nierozpoznany symbol zewnętrzny _fltused
glfw3.lib(win32_monitor.obj) : error LNK2001: nierozpoznany symbol zewnętrzny _fltused
glfw3.lib(monitor.obj) : error LNK2001: nierozpoznany symbol zewnętrzny _fltused
glfw3.lib(window.obj) : error LNK2001: nierozpoznany symbol zewnętrzny _fltused
glfw3.lib(input.obj) : error LNK2001: nierozpoznany symbol zewnętrzny _fltused
glfw3.lib(init.obj) : error LNK2001: nierozpoznany symbol zewnętrzny _fltused
glfw3.lib(win32_window.obj) : error LNK2001: nierozpoznany symbol zewnętrzny _fltused
glfw3.lib(input.obj) : error LNK2001: nierozpoznany symbol zewnętrzny __imp_strcspn
glfw3.lib(input.obj) : error LNK2001: nierozpoznany symbol zewnętrzny __imp_strspn
glfw3.lib(input.obj) : error LNK2001: nierozpoznany symbol zewnętrzny __imp_realloc
glfw3.lib(init.obj) : error LNK2001: nierozpoznany symbol zewnętrzny __imp_realloc
glfw3.lib(win32_monitor.obj) : error LNK2001: nierozpoznany symbol zewnętrzny __imp_realloc
glfw3.lib(monitor.obj) : error LNK2001: nierozpoznany symbol zewnętrzny __imp_realloc
glfw3.lib(input.obj) : error LNK2001: nierozpoznany symbol zewnętrzny __imp_strtoul
glfw3.lib(input.obj) : error LNK2001: nierozpoznany symbol zewnętrzny memcpy
glfw3.lib(win32_monitor.obj) : error LNK2001: nierozpoznany symbol zewnętrzny memcpy
glfw3.lib(init.obj) : error LNK2001: nierozpoznany symbol zewnętrzny __imp_strtok
glfw3.lib(init.obj) : error LNK2001: nierozpoznany symbol zewnętrzny __imp_strtol
glfw3.lib(init.obj) : error LNK2001: nierozpoznany symbol zewnętrzny __imp___stdio_common_vsprintf
glfw3.lib(win32_joystick.obj) : error LNK2001: nierozpoznany symbol zewnętrzny __imp___stdio_common_vsprintf
glfw3.lib(win32_joystick.obj) : error LNK2001: nierozpoznany symbol zewnętrzny __imp_qsort
glfw3.lib(monitor.obj) : error LNK2001: nierozpoznany symbol zewnętrzny __imp_qsort
glfw3.lib(win32_joystick.obj) : error LNK2001: nierozpoznany symbol zewnętrzny strcmp
glfw3.lib(vulkan.obj) : error LNK2001: nierozpoznany symbol zewnętrzny strcmp
glfw3.lib(monitor.obj) : error LNK2001: nierozpoznany symbol zewnętrzny memmove
glfw3.lib(monitor.obj) : error LNK2001: nierozpoznany symbol zewnętrzny powf
F:\Projekty\Silnik3D\x64\Release\Silnik3D.exe : fatal error LNK1120: liczba nierozpoznanych elementów zewnętrznych: 27
